[[32m  OK  [0m] Started Show Plymouth Boot Screen.
[[32m  OK  [0m] Reached target Paths.
[[32m  OK  [0m] Reached target Basic System.
%G[[32m  OK  [0m] Found device /dev/mapper/ik-root.
         Starting File System Check on /dev/mapper/ik-root...
systemd-fsck[384]: /sbin/fsck.xfs: XFS file system.
[[32m  OK  [0m] Started File System Check on /dev/mapper/ik-root.
[[32m  OK  [0m] Started dracut initqueue hook.
         Mounting /sysroot...
[[32m  OK  [0m] Reached target Remote File Systems (Pre).
[[32m  OK  [0m] Reached target Remote File Systems.
[[32m  OK  [0m] Mounted /sysroot.
[[32m  OK  [0m] Reached target Initrd Root File System.
         Starting Reload Configuration from the Real Root...
[[32m  OK  [0m] Started Reload Configuration from the Real Root.
[[32m  OK  [0m] Reached target Initrd File Systems.
[[32m  OK  [0m] Reached target Initrd Default Target.

Welcome to [0;31mInspur K-UX 3 (Inspur)[0m!

[[32m  OK  [0m] Stopped Switch Root.
[[32m  OK  [0m] Stopped target Switch Root.
[[32m  OK  [0m] Stopped target Initrd File Systems.
         Stopping File System Check on /dev/mapper/ik-root...
[[32m  OK  [0m] Stopped File System Check on /dev/mapper/ik-root.
[[32m  OK  [0m] Stopped target Initrd Root File System.
[[32m  OK  [0m] Created slice User and Session Slice.
[[32m  OK  [0m] Created slice system-getty.slice.
[[32m  OK  [0m] Reached target Login Prompts.
         Starting Load legacy module configuration...
[[32m  OK  [0m] Reached target Slices.
[[32m  OK  [0m] Listening on Delayed Shutdown Socket.
[[32m  OK  [0m] Listening on /dev/initctl Compatibility Named Pipe.
         Starting Apply Kernel Variables...
         Starting Load Kernel Modules...
         Mounting Debug File System...
[[32m  OK  [0m] Set up automount Arbitrary Executable File Formats F...utomount Point.
         Starting Create list of required static device nodes...rrent kernel...
         Mounting POSIX Message Queue File System...
         Mounting Huge Pages File System...
[[32m  OK  [0m] Listening on udev Kernel Socket.
[[32m  OK  [0m] Listening on udev Control Socket.
         Starting udev Coldplug all Devices...
[[32m  OK  [0m] Listening on LVM2 metadata daemon socket.
[[32m  OK  [0m] Listening on Device-mapper event daemon FIFOs.
         Starting Monitoring of LVM2 mirrors, snapshots etc. ...ress polling...
         Expecting device dev-mapper-ik\x2dswap.device...
         Starting Remount Root and Kernel File Systems...
         Expecting device dev-disk-by\x2duuid-90f79bd9\x2de87...17c17.device...
         Expecting device dev-mapper-ik\x2dhome.device...
[[32m  OK  [0m] Started Apply Kernel Variables.
[[32m  OK  [0m] Stopped Trigger Flushing of Journal to Persistent Storage.
         Stopping Journal Service...
[[32m  OK  [0m] Stopped Journal Service.
         Starting Journal Service...
[[32m  OK  [0m] Started Journal Service.
[[32m  OK  [0m] Started Load Kernel Modules.
[[32m  OK  [0m] Mounted Debug File System.
[[32m  OK  [0m] Mounted POSIX Message Queue File System.
[[32m  OK  [0m] Mounted Huge Pages File System.
[[32m  OK  [0m] Started Remount Root and Kernel File Systems.
         Starting Configure read-only root support...
         Starting Load/Save Random Seed...
[[32m  OK  [0m] Started Load/Save Random Seed.
[[32m  OK  [0m] Started udev Coldplug all Devices.
         Starting udev Wait for Complete Device Initialization...
[[32m  OK  [0m] Started Create list of required static device nodes ...current kernel.
         Starting Create static device nodes in /dev...
         Starting LVM2 metadata daemon...
[[32m  OK  [0m] Started LVM2 metadata daemon.
[[32m  OK  [0m] Started Configure read-only root support.
[[32m  OK  [0m] Started Load legacy module configuration.
[[32m  OK  [0m] Started Create static device nodes in /dev.
         Starting udev Kernel Device Manager...
[[32m  OK  [0m] Reached target Local File Systems (Pre).
[[32m  OK  [0m] Started udev Kernel Device Manager.
[[32m  OK  [0m] Started Monitoring of LVM2 mirrors, snapshots etc. u...ogress polling.
[[32m  OK  [0m] Started udev Wait for Complete Device Initialization.
         Starting Activation of DM RAID sets...
[[32m  OK  [0m] Started Activation of DM RAID sets.
[[32m  OK  [0m] Reached target Encrypted Volumes.
         Starting LVM2 PV scan on device 8:2...
%G[[32m  OK  [0m] Found device Virtual_disk.
         Starting File System Check on /dev/disk/by-uuid/90f7...e44724a17c17...
[[32m  OK  [0m] Found device /dev/mapper/ik-swap.
         Activating swap /dev/mapper/ik-swap...
[[32m  OK  [0m] Activated swap /dev/mapper/ik-swap.
[[32m  OK  [0m] Reached target Swap.
[[32m  OK  [0m] Found device /dev/mapper/ik-home.
         Mounting /home...
[[32m  OK  [0m] Started LVM2 PV scan on device 8:2.
systemd-fsck[915]: /dev/sda1: clean, 382/128016 files, 129260/512000 blocks
[[32m  OK  [0m] Started File System Check on /dev/disk/by-uuid/90f79...5-e44724a17c17.
         Mounting /boot...
[[32m  OK  [0m] Mounted /home.
[[32m  OK  [0m] Mounted /boot.
[[32m  OK  [0m] Reached target Local File Systems.
         Starting openibd - configure Mellanox devices...
         Starting Import network configuration from initramfs...
         Starting Tell Plymouth To Write Out Runtime Data...
[[32m  OK  [0m] Started Tell Plymouth To Write Out Runtime Data.
[[32m  OK  [0m] Started Import network configuration from initramfs.
         Starting Create Volatile Files and Directories...
[[32m  OK  [0m] Started Create Volatile Files and Directories.
         Starting Security Auditing Service...
[[32m  OK  [0m] Started Security Auditing Service.
         Starting Update UTMP about System Reboot/Shutdown...
[[32m  OK  [0m] Started Update UTMP about System Reboot/Shutdown.
[[32m  OK  [0m] Reached target System Initialization.
[[32m  OK  [0m] Reached target Timers.
         Starting Manage Sound Card State (restore and store)...
[[32m  OK  [0m] Started Manage Sound Card State (restore and store).
[[32m  OK  [0m] Listening on Open-iSCSI iscsiuio Socket.
[[32m  OK  [0m] Listening on Open-iSCSI iscsid Socket.
[[32m  OK  [0m] Listening on RPCbind Server Activation Socket.
[[32m  OK  [0m] Listening on CUPS Printing Service Sockets.
[[32m  OK  [0m] Listening on Avahi mDNS/DNS-SD Stack Activation Socket.
[[32m  OK  [0m] Reached target Paths.
[[32m  OK  [0m] Listening on D-Bus System Message Bus Socket.
[[32m  OK  [0m] Reached target Sockets.
[[32m  OK  [0m] Reached target Basic System.
         Starting firewalld - dynamic firewall daemon...
         Starting Dump dmesg to /var/log/dmesg...
         Starting ABRT Automated Bug Reporting Tool...
[[32m  OK  [0m] Started ABRT Automated Bug Reporting Tool.
         Starting ABRT kernel log watcher...
[[32m  OK  [0m] Started ABRT kernel log watcher.
         Starting ABRT Xorg log watcher...
[[32m  OK  [0m] Started ABRT Xorg log watcher.
         Starting libstoragemgmt plug-in server daemon...
[[32m  OK  [0m] Started libstoragemgmt plug-in server daemon.
         Starting Resets System Activity Logs...
         Starting Install ABRT coredump hook...
         Starting NTP client/server...
         Starting Kernel Samepage Merging...
         Starting System Logging Service...
         Starting Service for virtual machines hosted on VMware...
[[32m  OK  [0m] Started Service for virtual machines hosted on VMware.
         Starting Modem Manager...
         Starting Avahi mDNS/DNS-SD Stack...
         Starting Hardware RNG Entropy Gatherer Daemon...
[[32m  OK  [0m] Started Hardware RNG Entropy Gatherer Daemon.
         Starting Self Monitoring and Reporting Technology (SMART) Daemon...
[[32m  OK  [0m] Started Self Monitoring and Reporting Technology (SMART) Daemon.
         Starting Initialize hardware monitoring sensors...
         Starting Dynamic System Tuning Daemon...
         Starting Fault Management System...
         Starting Login Service...
         Starting Accounts Service...
         Starting RealtimeKit Scheduling Policy Service...
         Starting D-Bus System Message Bus...
[[32m  OK  [0m] Started D-Bus System Message Bus.
[[32m  OK  [0m] Started Dump dmesg to /var/log/dmesg.
[[32m  OK  [0m] Started Kernel Samepage Merging.
         Starting Kernel Samepage Merging (KSM) Tuning Daemon...
[[32m  OK  [0m] Started Resets System Activity Logs.
[[32m  OK  [0m] Started Install ABRT coredump hook.
[[32m  OK  [0m] Started Initialize hardware monitoring sensors.
[[32m  OK  [0m] Started Kernel Samepage Merging (KSM) Tuning Daemon.
[[32m  OK  [0m] Started NTP client/server.
[[32m  OK  [0m] Started Fault Management System.
[[32m  OK  [0m] Started System Logging Service.
[[32m  OK  [0m] Started Avahi mDNS/DNS-SD Stack.
[[32m  OK  [0m] Started RealtimeKit Scheduling Policy Service.
[[32m  OK  [0m] Started Login Service.
[[32m  OK  [0m] Started Modem Manager.
         Starting Authorization Manager...
[[32m  OK  [0m] Started Authorization Manager.
[[32m  OK  [0m] Started Accounts Service.
[[32m  OK  [0m] Started Dynamic System Tuning Daemon.
[[32m  OK  [0m] Started openibd - configure Mellanox devices.
         Starting LSB: Starts and stops the InfiniBand SRP client service...
[[32m  OK  [0m] Started firewalld - dynamic firewall daemon.
         Starting Network Manager...
[[32m  OK  [0m] Started LSB: Starts and stops the InfiniBand SRP client service.
[[32m  OK  [0m] Started Network Manager.
         Starting LSB: Bring up/down networking...
[[32m  OK  [0m] Started LSB: Bring up/down networking.
[[32m  OK  [0m] Reached target Network.
         Starting LSB: Starts and stops the InfiniBand ACM service...
         Starting Logout off all iSCSI sessions on shutdown...
         Starting Virtualization daemon...
         Starting Enable periodic update of entitlement certificates....
         Starting Sendmail Mail Transport Agent...
         Starting OpenSSH server daemon...
[[32m  OK  [0m] Started OpenSSH server daemon.
         Starting /etc/rc.d/rc.local Compatibility...
[[32m  OK  [0m] Started LSB: Starts and stops the InfiniBand ACM service.
[[32m  OK  [0m] Started Logout off all iSCSI sessions on shutdown.
[[32m  OK  [0m] Started Enable periodic update of entitlement certificates..
[[32m  OK  [0m] Reached target Remote File Systems (Pre).
[[32m  OK  [0m] Reached target Remote File Systems.
         Starting Trigger Flushing of Journal to Persistent Storage...
         Starting Crash recovery kernel arming...
         Starting The Apache HTTP Server...
[[32m  OK  [0m] Started Trigger Flushing of Journal to Persistent Storage.
         Starting Permit User Sessions...
[[32m  OK  [0m] Started /etc/rc.d/rc.local Compatibility.
[[32m  OK  [0m] Started Permit User Sessions.
         Starting Command Scheduler...
[[32m  OK  [0m] Started Command Scheduler.
         Starting Job spooling tools...
[[32m  OK  [0m] Started Job spooling tools.
         Starting Wait for Plymouth Boot Screen to Quit...
         Starting GNOME Display Manager...
[[32m  OK  [0m] Started GNOME Display Manager.
